<?xml version="1.0" encoding="UTF-8"?>
<!-- Generated by org.testng.reporters.JUnitReportReporter -->
<testsuite hostname="Arun" failures="0" tests="1" name="testScript.indexPage" time="3.383" errors="0" timestamp="2022-12-03T08:39:27 IST" skipped="0">
  <testcase classname="testScript.indexPage" name="test1" time="3.383"/>
  <system-out/>
</testsuite> <!-- testScript.indexPage -->
