<?xml version="1.0" encoding="UTF-8"?>
<!-- Generated by org.testng.reporters.JUnitReportReporter -->
<testsuite hostname="Arun" failures="0" tests="1" name="testScript.Excel" time="1.193" errors="0" timestamp="2022-12-03T08:53:18 IST" skipped="0">
  <testcase classname="testScript.Excel" name="excel" time="1.193"/>
  <system-out/>
</testsuite> <!-- testScript.Excel -->
