<?xml version="1.0" encoding="UTF-8"?>
<!-- Generated by org.testng.reporters.JUnitReportReporter -->
<testsuite hostname="Arun" failures="0" tests="1" name="testScript.RegistePage" time="0.033" errors="0" timestamp="2022-12-03T08:41:30 IST" skipped="0">
  <testcase classname="testScript.RegistePage" name="testFail" time="0.033"/>
  <system-out/>
</testsuite> <!-- testScript.RegistePage -->
