<?xml version="1.0" encoding="UTF-8"?>
<!-- Generated by org.testng.reporters.JUnitReportReporter -->
<testsuite hostname="Arun" failures="0" tests="2" name="testScript.RegistePage" time="11.999" errors="0" timestamp="2022-12-10T07:10:56 IST" skipped="0">
  <testcase classname="testScript.RegistePage" name="Register" time="11.996"/>
  <system-out/>
  <testcase classname="testScript.RegistePage" name="testFail" time="0.003"/>
  <system-out/>
</testsuite> <!-- testScript.RegistePage -->
